Using pre-set license
Built from '2021.1/staging' branch; Version is '2021.1.6f1 (c0fade0cc7e9) revision 12647134'; Using compiler version '192528614'; Build Type 'Release'
OS: 'Windows 10 Pro; OS build 19043.1348; Version 2009; 64bit' Language: 'en' Physical Memory: 16227 MB
BatchMode: 1, IsHumanControllingUs: 0, StartBugReporterOnCrash: 0, Is64bit: 1, IsPro: 0

 COMMAND LINE ARGUMENTS:
C:\Program Files\Unity\Hub\Editor\2021.1.6f1\Editor\Unity.exe
-adb2
-batchMode
-noUpm
-name
AssetImportWorker0
-projectPath
C:/Users/Levi/Documents/HKU/Jaar 2/GAMIFY/Misinformation/Misinformation
-logFile
Logs/AssetImportWorker0.log
-srvPort
63734
Successfully changed project path to: C:/Users/Levi/Documents/HKU/Jaar 2/GAMIFY/Misinformation/Misinformation
C:/Users/Levi/Documents/HKU/Jaar 2/GAMIFY/Misinformation/Misinformation
Using Asset Import Pipeline V2.
Refreshing native plugins compatible for Editor in 81.92 ms, found 1 plugins.
Preloading 0 native plugins for Editor in 0.00 ms.
Initialize engine version: 2021.1.6f1 (c0fade0cc7e9)
[Subsystems] Discovering subsystems at path C:/Program Files/Unity/Hub/Editor/2021.1.6f1/Editor/Data/Resources/UnitySubsystems
[Subsystems] Discovering subsystems at path C:/Users/Levi/Documents/HKU/Jaar 2/GAMIFY/Misinformation/Misinformation/Assets
GfxDevice: creating device client; threaded=0; jobified=0
Direct3D:
    Version:  Direct3D 11.0 [level 11.1]
    Renderer: NVIDIA GeForce RTX 2060 (ID=0x1f11)
    Vendor:   NVIDIA
    VRAM:     5980 MB
    Driver:   27.21.14.5671
Invalid texture used for cursor - check importer settings or texture creation. Texture must be RGBA32, readable, have alphaIsTransparency enabled and have no mip chain.

Initialize mono
Mono path[0] = 'C:/Program Files/Unity/Hub/Editor/2021.1.6f1/Editor/Data/Managed'
Mono path[1] = 'C:/Program Files/Unity/Hub/Editor/2021.1.6f1/Editor/Data/MonoBleedingEdge/lib/mono/unityjit'
Mono config path = 'C:/Program Files/Unity/Hub/Editor/2021.1.6f1/Editor/Data/MonoBleedingEdge/etc'
Using monoOptions --debugger-agent=transport=dt_socket,embedding=1,server=y,suspend=n,address=127.0.0.1:56112
Begin MonoManager ReloadAssembly
Registering precompiled unity dll's ...
Register platform support module: C:/Program Files/Unity/Hub/Editor/2021.1.6f1/Editor/Data/PlaybackEngines/WebGLSupport/UnityEditor.WebGL.Extensions.dll
Register platform support module: C:/Program Files/Unity/Hub/Editor/2021.1.6f1/Editor/Data/PlaybackEngines/WindowsStandaloneSupport/UnityEditor.WindowsStandalone.Extensions.dll
Registered in 0.003588 seconds.
Native extension for WindowsStandalone target not found
Native extension for WebGL target not found
Refreshing native plugins compatible for Editor in 89.22 ms, found 1 plugins.
Preloading 0 native plugins for Editor in 0.00 ms.
Mono: successfully reloaded assembly
- Completed reload, in  2.753 seconds
Platform modules already initialized, skipping
Registering precompiled user dll's ...
Registered in 0.004703 seconds.
Begin MonoManager ReloadAssembly
Native extension for WindowsStandalone target not found
Native extension for WebGL target not found
Refreshing native plugins compatible for Editor in 0.45 ms, found 1 plugins.
Preloading 0 native plugins for Editor in 0.00 ms.
Mono: successfully reloaded assembly
- Completed reload, in  1.044 seconds
Platform modules already initialized, skipping
========================================================================
Worker process is ready to serve import requests
Launched and connected shader compiler UnityShaderCompiler.exe after 0.06 seconds
Refreshing native plugins compatible for Editor in 0.55 ms, found 1 plugins.
Preloading 0 native plugins for Editor in 0.00 ms.
Unloading 2692 Unused Serialized files (Serialized files now loaded: 0)
System memory in use before: 100.9 MB.
System memory in use after: 101.1 MB.

Unloading 15 unused Assets to reduce memory usage. Loaded Objects now: 3145.
Total: 2.360400 ms (FindLiveObjects: 0.233400 ms CreateObjectMapping: 0.122900 ms MarkObjects: 1.924700 ms  DeleteObjects: 0.078200 ms)

========================================================================
Received Import Request.
  path: Assets/Sprites/cursor3.png
  artifactKey: Guid(7e397a7fc337c8047a608c9ca66e827d) Importer(815301076,1909f56bfc062723c751e8b465ee728b)
Start importing Assets/Sprites/cursor3.png using Guid(7e397a7fc337c8047a608c9ca66e827d) Importer(815301076,1909f56bfc062723c751e8b465ee728b)  -> (artifact id: '331a0b302830472e960670bf68db25c4') in 0.083540 seconds 
========================================================================
Received Import Request.
  Time since last request: 0.000502 seconds.
  path: Assets/Sprites/cursor2.png
  artifactKey: Guid(673dfe361694b3a4b974a7ae69a5a851) Importer(815301076,1909f56bfc062723c751e8b465ee728b)
Start importing Assets/Sprites/cursor2.png using Guid(673dfe361694b3a4b974a7ae69a5a851) Importer(815301076,1909f56bfc062723c751e8b465ee728b)  -> (artifact id: 'e9410e4c02902c64f138b5c95d6288ab') in 0.051437 seconds 
========================================================================
Received Prepare
Registering precompiled user dll's ...
Registered in 0.004157 seconds.
Begin MonoManager ReloadAssembly
Native extension for WindowsStandalone target not found
Native extension for WebGL target not found
Refreshing native plugins compatible for Editor in 0.47 ms, found 1 plugins.
Preloading 0 native plugins for Editor in 0.00 ms.
Mono: successfully reloaded assembly
- Completed reload, in  0.960 seconds
Platform modules already initialized, skipping
Refreshing native plugins compatible for Editor in 0.45 ms, found 1 plugins.
Preloading 0 native plugins for Editor in 0.00 ms.
Unloading 2675 Unused Serialized files (Serialized files now loaded: 0)
System memory in use before: 104.2 MB.
System memory in use after: 104.4 MB.

Unloading 10 unused Assets to reduce memory usage. Loaded Objects now: 3185.
Total: 2.254500 ms (FindLiveObjects: 0.216200 ms CreateObjectMapping: 0.123000 ms MarkObjects: 1.866800 ms  DeleteObjects: 0.047600 ms)

========================================================================
Received Prepare
Registering precompiled user dll's ...
Registered in 0.004025 seconds.
Begin MonoManager ReloadAssembly
Native extension for WindowsStandalone target not found
Native extension for WebGL target not found
Refreshing native plugins compatible for Editor in 0.51 ms, found 1 plugins.
Preloading 0 native plugins for Editor in 0.00 ms.
Mono: successfully reloaded assembly
- Completed reload, in  0.995 seconds
Platform modules already initialized, skipping
Refreshing native plugins compatible for Editor in 0.46 ms, found 1 plugins.
Preloading 0 native plugins for Editor in 0.00 ms.
Unloading 2673 Unused Serialized files (Serialized files now loaded: 0)
System memory in use before: 104.2 MB.
System memory in use after: 104.4 MB.

Unloading 10 unused Assets to reduce memory usage. Loaded Objects now: 3188.
Total: 2.368800 ms (FindLiveObjects: 0.227300 ms CreateObjectMapping: 0.119400 ms MarkObjects: 1.974500 ms  DeleteObjects: 0.046900 ms)

========================================================================
Received Import Request.
  Time since last request: 350.124818 seconds.
  path: Assets/CutsceneController.cs
  artifactKey: Guid(267365c151d8a424c8f9b2b197ba289a) Importer(815301076,1909f56bfc062723c751e8b465ee728b)
Start importing Assets/CutsceneController.cs using Guid(267365c151d8a424c8f9b2b197ba289a) Importer(815301076,1909f56bfc062723c751e8b465ee728b)  -> (artifact id: 'a85d9269bc0a4261351185d9a4c70849') in 0.017646 seconds 
========================================================================
Received Import Request.
  Time since last request: 3.041489 seconds.
  path: Assets/DebugScript.cs
  artifactKey: Guid(82a2a3acc5d5a4545b46fd4ea1c35e8f) Importer(815301076,1909f56bfc062723c751e8b465ee728b)
Start importing Assets/DebugScript.cs using Guid(82a2a3acc5d5a4545b46fd4ea1c35e8f) Importer(815301076,1909f56bfc062723c751e8b465ee728b)  -> (artifact id: 'a58f2a2255abef21f623933d0ae65455') in 0.005754 seconds 
========================================================================
Received Import Request.
  Time since last request: 0.554539 seconds.
  path: Assets/DialogManager.cs
  artifactKey: Guid(600c75881e4ce9840950429768e5ab6d) Importer(815301076,1909f56bfc062723c751e8b465ee728b)
Start importing Assets/DialogManager.cs using Guid(600c75881e4ce9840950429768e5ab6d) Importer(815301076,1909f56bfc062723c751e8b465ee728b)  -> (artifact id: 'bb729a57cdb09c29caa1be0f0eec0a05') in 0.007589 seconds 
========================================================================
Received Import Request.
  Time since last request: 2.195464 seconds.
  path: Assets/MenuFunc.cs
  artifactKey: Guid(6b5cdf6e8b62adb4fba8abf527e5690f) Importer(815301076,1909f56bfc062723c751e8b465ee728b)
Start importing Assets/MenuFunc.cs using Guid(6b5cdf6e8b62adb4fba8abf527e5690f) Importer(815301076,1909f56bfc062723c751e8b465ee728b)  -> (artifact id: '7ac62885875482345c4d1dadda9052ab') in 0.006145 seconds 
========================================================================
Received Import Request.
  Time since last request: 0.570652 seconds.
  path: Assets/DialogNode.cs
  artifactKey: Guid(55ba8be5d03c55946a21ff02743ea0f5) Importer(815301076,1909f56bfc062723c751e8b465ee728b)
Start importing Assets/DialogNode.cs using Guid(55ba8be5d03c55946a21ff02743ea0f5) Importer(815301076,1909f56bfc062723c751e8b465ee728b)  -> (artifact id: '816b8c3b9f5389a8162bd8505a0461bd') in 0.006145 seconds 
========================================================================
Received Import Request.
  Time since last request: 2.434515 seconds.
  path: Assets/NextScene.cs
  artifactKey: Guid(b2988e093a1d8414bbcb0ab0286da48e) Importer(815301076,1909f56bfc062723c751e8b465ee728b)
Start importing Assets/NextScene.cs using Guid(b2988e093a1d8414bbcb0ab0286da48e) Importer(815301076,1909f56bfc062723c751e8b465ee728b)  -> (artifact id: 'c862718fe2be9e8a7ee6edd75eca511a') in 0.005612 seconds 
========================================================================
Received Prepare
Registering precompiled user dll's ...
Registered in 0.004536 seconds.
Begin MonoManager ReloadAssembly
Native extension for WindowsStandalone target not found
Native extension for WebGL target not found
Refreshing native plugins compatible for Editor in 0.73 ms, found 1 plugins.
Preloading 0 native plugins for Editor in 0.00 ms.
Mono: successfully reloaded assembly
- Completed reload, in  1.096 seconds
Platform modules already initialized, skipping
Refreshing native plugins compatible for Editor in 0.47 ms, found 1 plugins.
Preloading 0 native plugins for Editor in 0.00 ms.
Unloading 2673 Unused Serialized files (Serialized files now loaded: 0)
System memory in use before: 104.2 MB.
System memory in use after: 104.4 MB.

Unloading 10 unused Assets to reduce memory usage. Loaded Objects now: 3191.
Total: 2.080800 ms (FindLiveObjects: 0.210100 ms CreateObjectMapping: 0.107500 ms MarkObjects: 1.710300 ms  DeleteObjects: 0.052100 ms)

========================================================================
Received Prepare
Registering precompiled user dll's ...
Registered in 0.004033 seconds.
Begin MonoManager ReloadAssembly
Native extension for WindowsStandalone target not found
Native extension for WebGL target not found
Refreshing native plugins compatible for Editor in 0.48 ms, found 1 plugins.
Preloading 0 native plugins for Editor in 0.00 ms.
Mono: successfully reloaded assembly
- Completed reload, in  0.931 seconds
Platform modules already initialized, skipping
Refreshing native plugins compatible for Editor in 0.72 ms, found 1 plugins.
Preloading 0 native plugins for Editor in 0.00 ms.
Unloading 2673 Unused Serialized files (Serialized files now loaded: 0)
System memory in use before: 104.2 MB.
System memory in use after: 104.4 MB.

Unloading 10 unused Assets to reduce memory usage. Loaded Objects now: 3194.
Total: 2.637800 ms (FindLiveObjects: 0.215600 ms CreateObjectMapping: 0.108800 ms MarkObjects: 2.237600 ms  DeleteObjects: 0.074500 ms)

========================================================================
Received Prepare
Registering precompiled user dll's ...
Registered in 0.004309 seconds.
Begin MonoManager ReloadAssembly
Native extension for WindowsStandalone target not found
Native extension for WebGL target not found
Refreshing native plugins compatible for Editor in 0.50 ms, found 1 plugins.
Preloading 0 native plugins for Editor in 0.00 ms.
Mono: successfully reloaded assembly
- Completed reload, in  1.026 seconds
Platform modules already initialized, skipping
Refreshing native plugins compatible for Editor in 0.90 ms, found 1 plugins.
Preloading 0 native plugins for Editor in 0.00 ms.
Unloading 2673 Unused Serialized files (Serialized files now loaded: 0)
System memory in use before: 104.2 MB.
System memory in use after: 104.4 MB.

Unloading 10 unused Assets to reduce memory usage. Loaded Objects now: 3197.
Total: 2.395600 ms (FindLiveObjects: 0.286200 ms CreateObjectMapping: 0.132800 ms MarkObjects: 1.925400 ms  DeleteObjects: 0.050200 ms)

========================================================================
Received Import Request.
  Time since last request: 1572.634423 seconds.
  path: Assets/Sprites/convo/CutsceneTimeline.playable
  artifactKey: Guid(ea80943bd71f79a4b8f7624796a055b4) Importer(815301076,1909f56bfc062723c751e8b465ee728b)
Start importing Assets/Sprites/convo/CutsceneTimeline.playable using Guid(ea80943bd71f79a4b8f7624796a055b4) Importer(815301076,1909f56bfc062723c751e8b465ee728b)  -> (artifact id: '3a16c0c603d8029074a83f649475595d') in 0.042752 seconds 
========================================================================
Received Prepare
Registering precompiled user dll's ...
Registered in 0.014635 seconds.
Begin MonoManager ReloadAssembly
Native extension for WindowsStandalone target not found
Native extension for WebGL target not found
Refreshing native plugins compatible for Editor in 0.47 ms, found 1 plugins.
Preloading 0 native plugins for Editor in 0.00 ms.
Mono: successfully reloaded assembly
- Completed reload, in  1.048 seconds
Platform modules already initialized, skipping
Refreshing native plugins compatible for Editor in 0.81 ms, found 1 plugins.
Preloading 0 native plugins for Editor in 0.00 ms.
Unloading 2673 Unused Serialized files (Serialized files now loaded: 0)
System memory in use before: 104.2 MB.
System memory in use after: 104.4 MB.

Unloading 10 unused Assets to reduce memory usage. Loaded Objects now: 3200.
Total: 7.920900 ms (FindLiveObjects: 0.547200 ms CreateObjectMapping: 0.423400 ms MarkObjects: 6.789100 ms  DeleteObjects: 0.157700 ms)

========================================================================
Received Prepare
Registering precompiled user dll's ...
Registered in 0.008019 seconds.
Begin MonoManager ReloadAssembly
Native extension for WindowsStandalone target not found
Native extension for WebGL target not found
Refreshing native plugins compatible for Editor in 0.60 ms, found 1 plugins.
Preloading 0 native plugins for Editor in 0.00 ms.
Mono: successfully reloaded assembly
- Completed reload, in  2.623 seconds
Platform modules already initialized, skipping
Refreshing native plugins compatible for Editor in 1.51 ms, found 1 plugins.
Preloading 0 native plugins for Editor in 0.00 ms.
Unloading 2673 Unused Serialized files (Serialized files now loaded: 0)
System memory in use before: 104.2 MB.
System memory in use after: 104.4 MB.

Unloading 10 unused Assets to reduce memory usage. Loaded Objects now: 3203.
Total: 4.836200 ms (FindLiveObjects: 0.512500 ms CreateObjectMapping: 0.289000 ms MarkObjects: 3.939100 ms  DeleteObjects: 0.093300 ms)

========================================================================
Received Import Request.
  Time since last request: 597.989274 seconds.
  path: Assets/Audio
  artifactKey: Guid(38fef77dd05c3cb43a735519ce034a9b) Importer(815301076,1909f56bfc062723c751e8b465ee728b)
Start importing Assets/Audio using Guid(38fef77dd05c3cb43a735519ce034a9b) Importer(815301076,1909f56bfc062723c751e8b465ee728b)  -> (artifact id: '6870d3811e1061cab59325210319a190') in 0.029857 seconds 
========================================================================
Received Import Request.
  Time since last request: 10.323693 seconds.
  path: Assets/Audio/476836__richwise__phone-short-buzz (1).wav
  artifactKey: Guid(53d2819b52ae06147bd686baf2734d09) Importer(815301076,1909f56bfc062723c751e8b465ee728b)
Start importing Assets/Audio/476836__richwise__phone-short-buzz (1).wav using Guid(53d2819b52ae06147bd686baf2734d09) Importer(815301076,1909f56bfc062723c751e8b465ee728b)  -> (artifact id: '2930be86d6d62393a336bdff5221e03c') in 0.102702 seconds 
========================================================================
Received Prepare
Registering precompiled user dll's ...
Registered in 0.015514 seconds.
Begin MonoManager ReloadAssembly
Native extension for WindowsStandalone target not found
Native extension for WebGL target not found
Refreshing native plugins compatible for Editor in 0.99 ms, found 1 plugins.
Preloading 0 native plugins for Editor in 0.00 ms.
Mono: successfully reloaded assembly
- Completed reload, in  2.527 seconds
Platform modules already initialized, skipping
Refreshing native plugins compatible for Editor in 0.91 ms, found 1 plugins.
Preloading 0 native plugins for Editor in 0.00 ms.
Unloading 2673 Unused Serialized files (Serialized files now loaded: 0)
System memory in use before: 104.3 MB.
System memory in use after: 104.5 MB.

Unloading 10 unused Assets to reduce memory usage. Loaded Objects now: 3213.
Total: 3.879500 ms (FindLiveObjects: 0.349000 ms CreateObjectMapping: 0.243700 ms MarkObjects: 3.192600 ms  DeleteObjects: 0.092100 ms)

========================================================================
Received Prepare
Registering precompiled user dll's ...
Registered in 0.010536 seconds.
Begin MonoManager ReloadAssembly
Native extension for WindowsStandalone target not found
Native extension for WebGL target not found
Refreshing native plugins compatible for Editor in 1.57 ms, found 1 plugins.
Preloading 0 native plugins for Editor in 0.00 ms.
Mono: successfully reloaded assembly
- Completed reload, in  2.828 seconds
Platform modules already initialized, skipping
Refreshing native plugins compatible for Editor in 1.04 ms, found 1 plugins.
Preloading 0 native plugins for Editor in 0.00 ms.
Unloading 2673 Unused Serialized files (Serialized files now loaded: 0)
System memory in use before: 104.3 MB.
System memory in use after: 104.5 MB.

Unloading 10 unused Assets to reduce memory usage. Loaded Objects now: 3216.
Total: 9.860500 ms (FindLiveObjects: 1.422900 ms CreateObjectMapping: 0.341500 ms MarkObjects: 8.013400 ms  DeleteObjects: 0.080900 ms)

========================================================================
Received Prepare
Registering precompiled user dll's ...
Registered in 0.004224 seconds.
Begin MonoManager ReloadAssembly
Native extension for WindowsStandalone target not found
Native extension for WebGL target not found
Refreshing native plugins compatible for Editor in 0.47 ms, found 1 plugins.
Preloading 0 native plugins for Editor in 0.00 ms.
Mono: successfully reloaded assembly
- Completed reload, in  0.941 seconds
Platform modules already initialized, skipping
Refreshing native plugins compatible for Editor in 0.67 ms, found 1 plugins.
Preloading 0 native plugins for Editor in 0.00 ms.
Unloading 2673 Unused Serialized files (Serialized files now loaded: 0)
System memory in use before: 104.3 MB.
System memory in use after: 104.5 MB.

Unloading 10 unused Assets to reduce memory usage. Loaded Objects now: 3219.
Total: 2.303300 ms (FindLiveObjects: 0.226000 ms CreateObjectMapping: 0.137800 ms MarkObjects: 1.886300 ms  DeleteObjects: 0.052100 ms)

========================================================================
Received Import Request.
  Time since last request: 882.704760 seconds.
  path: Assets/Sprites/convo/CutsceneTimeline.playable
  artifactKey: Guid(ea80943bd71f79a4b8f7624796a055b4) Importer(815301076,1909f56bfc062723c751e8b465ee728b)
Start importing Assets/Sprites/convo/CutsceneTimeline.playable using Guid(ea80943bd71f79a4b8f7624796a055b4) Importer(815301076,1909f56bfc062723c751e8b465ee728b)  -> (artifact id: 'ced53867853c76adbed5303a9a5fb502') in 0.034231 seconds 
========================================================================
Received Prepare
Registering precompiled user dll's ...
Registered in 0.003983 seconds.
Begin MonoManager ReloadAssembly
Native extension for WindowsStandalone target not found
Native extension for WebGL target not found
Refreshing native plugins compatible for Editor in 0.46 ms, found 1 plugins.
Preloading 0 native plugins for Editor in 0.00 ms.
Mono: successfully reloaded assembly
- Completed reload, in  0.909 seconds
Platform modules already initialized, skipping
Refreshing native plugins compatible for Editor in 0.73 ms, found 1 plugins.
Preloading 0 native plugins for Editor in 0.00 ms.
Unloading 2673 Unused Serialized files (Serialized files now loaded: 0)
System memory in use before: 104.3 MB.
System memory in use after: 104.5 MB.

Unloading 10 unused Assets to reduce memory usage. Loaded Objects now: 3222.
Total: 2.624400 ms (FindLiveObjects: 0.244100 ms CreateObjectMapping: 0.152500 ms MarkObjects: 2.173900 ms  DeleteObjects: 0.052700 ms)

========================================================================
Received Prepare
Registering precompiled user dll's ...
Registered in 0.003918 seconds.
Begin MonoManager ReloadAssembly
Native extension for WindowsStandalone target not found
Native extension for WebGL target not found
Refreshing native plugins compatible for Editor in 0.46 ms, found 1 plugins.
Preloading 0 native plugins for Editor in 0.00 ms.
Mono: successfully reloaded assembly
- Completed reload, in  0.966 seconds
Platform modules already initialized, skipping
Refreshing native plugins compatible for Editor in 0.50 ms, found 1 plugins.
Preloading 0 native plugins for Editor in 0.00 ms.
Unloading 2673 Unused Serialized files (Serialized files now loaded: 0)
System memory in use before: 104.3 MB.
System memory in use after: 104.5 MB.

Unloading 10 unused Assets to reduce memory usage. Loaded Objects now: 3225.
Total: 2.298500 ms (FindLiveObjects: 0.226700 ms CreateObjectMapping: 0.141900 ms MarkObjects: 1.882100 ms  DeleteObjects: 0.046900 ms)

========================================================================
Received Prepare
Registering precompiled user dll's ...
Registered in 0.004127 seconds.
Begin MonoManager ReloadAssembly
Native extension for WindowsStandalone target not found
Native extension for WebGL target not found
Refreshing native plugins compatible for Editor in 0.47 ms, found 1 plugins.
Preloading 0 native plugins for Editor in 0.00 ms.
Mono: successfully reloaded assembly
- Completed reload, in  0.973 seconds
Platform modules already initialized, skipping
Refreshing native plugins compatible for Editor in 0.50 ms, found 1 plugins.
Preloading 0 native plugins for Editor in 0.00 ms.
Unloading 2673 Unused Serialized files (Serialized files now loaded: 0)
System memory in use before: 104.3 MB.
System memory in use after: 104.5 MB.

Unloading 10 unused Assets to reduce memory usage. Loaded Objects now: 3228.
Total: 2.276100 ms (FindLiveObjects: 0.236400 ms CreateObjectMapping: 0.132200 ms MarkObjects: 1.848900 ms  DeleteObjects: 0.057600 ms)

========================================================================
Received Import Request.
  Time since last request: 225.523534 seconds.
  path: Assets/Sprites/convo/CutsceneTimeline.playable
  artifactKey: Guid(ea80943bd71f79a4b8f7624796a055b4) Importer(815301076,1909f56bfc062723c751e8b465ee728b)
Start importing Assets/Sprites/convo/CutsceneTimeline.playable using Guid(ea80943bd71f79a4b8f7624796a055b4) Importer(815301076,1909f56bfc062723c751e8b465ee728b)  -> (artifact id: 'd8b81ff50e7291bba51fb4be29f21622') in 0.042165 seconds 
========================================================================
Received Prepare
Registering precompiled user dll's ...
Registered in 0.004338 seconds.
Begin MonoManager ReloadAssembly
Native extension for WindowsStandalone target not found
Native extension for WebGL target not found
Refreshing native plugins compatible for Editor in 0.47 ms, found 1 plugins.
Preloading 0 native plugins for Editor in 0.00 ms.
Mono: successfully reloaded assembly
- Completed reload, in  0.961 seconds
Platform modules already initialized, skipping
Refreshing native plugins compatible for Editor in 0.49 ms, found 1 plugins.
Preloading 0 native plugins for Editor in 0.00 ms.
Unloading 2673 Unused Serialized files (Serialized files now loaded: 0)
System memory in use before: 104.4 MB.
System memory in use after: 104.6 MB.

Unloading 10 unused Assets to reduce memory usage. Loaded Objects now: 3231.
Total: 2.390700 ms (FindLiveObjects: 0.230600 ms CreateObjectMapping: 0.139100 ms MarkObjects: 1.972200 ms  DeleteObjects: 0.047800 ms)

========================================================================
Received Prepare
Registering precompiled user dll's ...
Registered in 0.004057 seconds.
Begin MonoManager ReloadAssembly
Native extension for WindowsStandalone target not found
Native extension for WebGL target not found
Refreshing native plugins compatible for Editor in 0.73 ms, found 1 plugins.
Preloading 0 native plugins for Editor in 0.00 ms.
Mono: successfully reloaded assembly
- Completed reload, in  0.962 seconds
Platform modules already initialized, skipping
Refreshing native plugins compatible for Editor in 0.48 ms, found 1 plugins.
Preloading 0 native plugins for Editor in 0.00 ms.
Unloading 2673 Unused Serialized files (Serialized files now loaded: 0)
System memory in use before: 104.4 MB.
System memory in use after: 104.6 MB.

Unloading 10 unused Assets to reduce memory usage. Loaded Objects now: 3234.
Total: 2.185500 ms (FindLiveObjects: 0.263300 ms CreateObjectMapping: 0.122000 ms MarkObjects: 1.753600 ms  DeleteObjects: 0.045700 ms)

========================================================================
Received Prepare
Registering precompiled user dll's ...
Registered in 0.004414 seconds.
Begin MonoManager ReloadAssembly
Native extension for WindowsStandalone target not found
Native extension for WebGL target not found
Refreshing native plugins compatible for Editor in 0.59 ms, found 1 plugins.
Preloading 0 native plugins for Editor in 0.00 ms.
Mono: successfully reloaded assembly
- Completed reload, in  0.971 seconds
Platform modules already initialized, skipping
Refreshing native plugins compatible for Editor in 0.59 ms, found 1 plugins.
Preloading 0 native plugins for Editor in 0.00 ms.
Unloading 2673 Unused Serialized files (Serialized files now loaded: 0)
System memory in use before: 104.4 MB.
System memory in use after: 104.6 MB.

Unloading 10 unused Assets to reduce memory usage. Loaded Objects now: 3237.
Total: 2.511500 ms (FindLiveObjects: 0.266600 ms CreateObjectMapping: 0.147500 ms MarkObjects: 2.043800 ms  DeleteObjects: 0.052300 ms)

========================================================================
Received Prepare
Registering precompiled user dll's ...
Registered in 0.005879 seconds.
Begin MonoManager ReloadAssembly
Native extension for WindowsStandalone target not found
Native extension for WebGL target not found
Refreshing native plugins compatible for Editor in 0.58 ms, found 1 plugins.
Preloading 0 native plugins for Editor in 0.00 ms.
Mono: successfully reloaded assembly
- Completed reload, in  1.213 seconds
Platform modules already initialized, skipping
Refreshing native plugins compatible for Editor in 0.64 ms, found 1 plugins.
Preloading 0 native plugins for Editor in 0.00 ms.
Unloading 2673 Unused Serialized files (Serialized files now loaded: 0)
System memory in use before: 104.4 MB.
System memory in use after: 104.6 MB.

Unloading 10 unused Assets to reduce memory usage. Loaded Objects now: 3240.
Total: 2.365400 ms (FindLiveObjects: 0.229300 ms CreateObjectMapping: 0.157400 ms MarkObjects: 1.919800 ms  DeleteObjects: 0.057700 ms)

========================================================================
Received Prepare
Registering precompiled user dll's ...
Registered in 0.004700 seconds.
Begin MonoManager ReloadAssembly
Native extension for WindowsStandalone target not found
Native extension for WebGL target not found
Refreshing native plugins compatible for Editor in 0.50 ms, found 1 plugins.
Preloading 0 native plugins for Editor in 0.00 ms.
Mono: successfully reloaded assembly
- Completed reload, in  0.946 seconds
Platform modules already initialized, skipping
Refreshing native plugins compatible for Editor in 0.84 ms, found 1 plugins.
Preloading 0 native plugins for Editor in 0.00 ms.
Unloading 2673 Unused Serialized files (Serialized files now loaded: 0)
System memory in use before: 104.4 MB.
System memory in use after: 104.6 MB.

Unloading 10 unused Assets to reduce memory usage. Loaded Objects now: 3243.
Total: 4.100300 ms (FindLiveObjects: 0.276000 ms CreateObjectMapping: 0.181700 ms MarkObjects: 3.573800 ms  DeleteObjects: 0.067100 ms)

========================================================================
Received Prepare
Registering precompiled user dll's ...
Registered in 0.005412 seconds.
Begin MonoManager ReloadAssembly
Native extension for WindowsStandalone target not found
Native extension for WebGL target not found
Refreshing native plugins compatible for Editor in 1.21 ms, found 1 plugins.
Preloading 0 native plugins for Editor in 0.00 ms.
Mono: successfully reloaded assembly
- Completed reload, in  1.148 seconds
Platform modules already initialized, skipping
Refreshing native plugins compatible for Editor in 0.50 ms, found 1 plugins.
Preloading 0 native plugins for Editor in 0.00 ms.
Unloading 2673 Unused Serialized files (Serialized files now loaded: 0)
System memory in use before: 104.4 MB.
System memory in use after: 104.6 MB.

Unloading 10 unused Assets to reduce memory usage. Loaded Objects now: 3246.
Total: 2.410900 ms (FindLiveObjects: 0.243900 ms CreateObjectMapping: 0.137800 ms MarkObjects: 1.981400 ms  DeleteObjects: 0.044800 ms)

========================================================================
Received Prepare
Registering precompiled user dll's ...
Registered in 0.004415 seconds.
Begin MonoManager ReloadAssembly
Native extension for WindowsStandalone target not found
Native extension for WebGL target not found
Refreshing native plugins compatible for Editor in 0.50 ms, found 1 plugins.
Preloading 0 native plugins for Editor in 0.00 ms.
Mono: successfully reloaded assembly
- Completed reload, in  0.975 seconds
Platform modules already initialized, skipping
Refreshing native plugins compatible for Editor in 0.47 ms, found 1 plugins.
Preloading 0 native plugins for Editor in 0.00 ms.
Unloading 2673 Unused Serialized files (Serialized files now loaded: 0)
System memory in use before: 104.4 MB.
System memory in use after: 104.6 MB.

Unloading 10 unused Assets to reduce memory usage. Loaded Objects now: 3249.
Total: 2.484400 ms (FindLiveObjects: 0.226400 ms CreateObjectMapping: 0.110200 ms MarkObjects: 2.099500 ms  DeleteObjects: 0.047300 ms)

========================================================================
Received Prepare
Registering precompiled user dll's ...
Registered in 0.004006 seconds.
Begin MonoManager ReloadAssembly
Native extension for WindowsStandalone target not found
Native extension for WebGL target not found
Refreshing native plugins compatible for Editor in 0.45 ms, found 1 plugins.
Preloading 0 native plugins for Editor in 0.00 ms.
Mono: successfully reloaded assembly
- Completed reload, in  0.917 seconds
Platform modules already initialized, skipping
Refreshing native plugins compatible for Editor in 0.50 ms, found 1 plugins.
Preloading 0 native plugins for Editor in 0.00 ms.
Unloading 2673 Unused Serialized files (Serialized files now loaded: 0)
System memory in use before: 104.4 MB.
System memory in use after: 104.6 MB.

Unloading 10 unused Assets to reduce memory usage. Loaded Objects now: 3252.
Total: 2.266000 ms (FindLiveObjects: 0.230100 ms CreateObjectMapping: 0.124400 ms MarkObjects: 1.867500 ms  DeleteObjects: 0.043300 ms)

========================================================================
Received Prepare
Registering precompiled user dll's ...
Registered in 0.004072 seconds.
Begin MonoManager ReloadAssembly
Native extension for WindowsStandalone target not found
Native extension for WebGL target not found
Refreshing native plugins compatible for Editor in 0.49 ms, found 1 plugins.
Preloading 0 native plugins for Editor in 0.00 ms.
Mono: successfully reloaded assembly
- Completed reload, in  0.889 seconds
Platform modules already initialized, skipping
Refreshing native plugins compatible for Editor in 0.44 ms, found 1 plugins.
Preloading 0 native plugins for Editor in 0.00 ms.
Unloading 2673 Unused Serialized files (Serialized files now loaded: 0)
System memory in use before: 104.4 MB.
System memory in use after: 104.6 MB.

Unloading 10 unused Assets to reduce memory usage. Loaded Objects now: 3255.
Total: 2.317300 ms (FindLiveObjects: 0.216000 ms CreateObjectMapping: 0.109000 ms MarkObjects: 1.945200 ms  DeleteObjects: 0.046300 ms)

AssetImportWorkerClient::OnTransportError - code=2 error=End of file
